<?xml version="1.0" encoding="UTF-8"?>
<testng-results ignored="0" total="2" passed="2" failed="0" skipped="0">
  <reporter-output>
  </reporter-output>
  <suite started-at="2025-09-23T15:35:05 IST" name="Amazon Automation Suite" finished-at="2025-09-23T15:35:51 IST" duration-ms="45344">
    <groups>
    </groups>
    <test started-at="2025-09-23T15:35:05 IST" name="Amazon Search Tests" finished-at="2025-09-23T15:35:51 IST" duration-ms="45344">
      <class name="tests.AmazonTest">
        <test-method is-config="true" signature="setUp()[pri:0, instance:tests.AmazonTest@3e27ba32]" started-at="2025-09-23T15:35:05 IST" name="setUp" finished-at="2025-09-23T15:35:20 IST" duration-ms="15159" status="PASS">
          <reporter-output>
          </reporter-output>
        </test-method> <!-- setUp -->
        <test-method signature="testAmazonLaptopSearch()[pri:0, instance:tests.AmazonTest@3e27ba32]" started-at="2025-09-23T15:35:20 IST" name="testAmazonLaptopSearch" finished-at="2025-09-23T15:35:30 IST" duration-ms="9255" status="PASS">
          <reporter-output>
          </reporter-output>
        </test-method> <!-- testAmazonLaptopSearch -->
        <test-method is-config="true" signature="tearDown()[pri:0, instance:tests.AmazonTest@3e27ba32]" started-at="2025-09-23T15:35:30 IST" name="tearDown" finished-at="2025-09-23T15:35:30 IST" duration-ms="453" status="PASS">
          <reporter-output>
          </reporter-output>
        </test-method> <!-- tearDown -->
        <test-method is-config="true" signature="setUp()[pri:0, instance:tests.AmazonTest@3e27ba32]" started-at="2025-09-23T15:35:30 IST" name="setUp" finished-at="2025-09-23T15:35:46 IST" duration-ms="15485" status="PASS">
          <reporter-output>
          </reporter-output>
        </test-method> <!-- setUp -->
        <test-method signature="testSearchFunctionality()[pri:0, instance:tests.AmazonTest@3e27ba32]" started-at="2025-09-23T15:35:46 IST" name="testSearchFunctionality" finished-at="2025-09-23T15:35:50 IST" duration-ms="4644" status="PASS">
          <reporter-output>
          </reporter-output>
        </test-method> <!-- testSearchFunctionality -->
        <test-method is-config="true" signature="tearDown()[pri:0, instance:tests.AmazonTest@3e27ba32]" started-at="2025-09-23T15:35:50 IST" name="tearDown" finished-at="2025-09-23T15:35:51 IST" duration-ms="311" status="PASS">
          <reporter-output>
          </reporter-output>
        </test-method> <!-- tearDown -->
      </class> <!-- tests.AmazonTest -->
    </test> <!-- Amazon Search Tests -->
  </suite> <!-- Amazon Automation Suite -->
</testng-results>
