<?xml version="1.0" encoding="UTF-8"?>
<testng-results ignored="0" total="1" passed="1" failed="0" skipped="0">
  <reporter-output>
  </reporter-output>
  <suite started-at="2025-09-22T15:28:38 IST" name="Wikipedia Suite" finished-at="2025-09-22T15:28:50 IST" duration-ms="11895">
    <groups>
    </groups>
    <test started-at="2025-09-22T15:28:38 IST" name="Wikipedia Tests" finished-at="2025-09-22T15:28:50 IST" duration-ms="11895">
      <class name="tests.WikipediaTest">
        <test-method is-config="true" signature="setup()[pri:0, instance:tests.WikipediaTest@4681c175]" started-at="2025-09-22T15:28:38 IST" name="setup" finished-at="2025-09-22T15:28:43 IST" duration-ms="5329" status="PASS">
          <reporter-output>
          </reporter-output>
        </test-method> <!-- setup -->
        <test-method signature="testWikipediaNavigation()[pri:0, instance:tests.WikipediaTest@4681c175]" started-at="2025-09-22T15:28:43 IST" name="testWikipediaNavigation" finished-at="2025-09-22T15:28:49 IST" duration-ms="5729" status="PASS">
          <reporter-output>
          </reporter-output>
        </test-method> <!-- testWikipediaNavigation -->
        <test-method is-config="true" signature="tearDown()[pri:0, instance:tests.WikipediaTest@4681c175]" started-at="2025-09-22T15:28:49 IST" name="tearDown" finished-at="2025-09-22T15:28:50 IST" duration-ms="786" status="PASS">
          <reporter-output>
          </reporter-output>
        </test-method> <!-- tearDown -->
      </class> <!-- tests.WikipediaTest -->
    </test> <!-- Wikipedia Tests -->
  </suite> <!-- Wikipedia Suite -->
</testng-results>
