<?xml version="1.0" encoding="UTF-8"?>
<testng-results ignored="0" total="1" passed="1" failed="0" skipped="0">
  <reporter-output>
  </reporter-output>
  <suite started-at="2025-09-22T11:38:29 IST" name="Default suite" finished-at="2025-09-22T11:38:40 IST" duration-ms="10492">
    <groups>
    </groups>
    <test started-at="2025-09-22T11:38:29 IST" name="Default test" finished-at="2025-09-22T11:38:40 IST" duration-ms="10492">
      <class name="tests.LoginTest">
        <test-method is-config="true" signature="setUp()[pri:0, instance:tests.LoginTest@543295b0]" started-at="2025-09-22T11:38:29 IST" name="setUp" finished-at="2025-09-22T11:38:36 IST" duration-ms="6817" status="PASS">
          <reporter-output>
          </reporter-output>
        </test-method> <!-- setUp -->
        <test-method signature="testValidLogin()[pri:0, instance:tests.LoginTest@543295b0]" started-at="2025-09-22T11:38:36 IST" name="testValidLogin" finished-at="2025-09-22T11:38:39 IST" duration-ms="3128" status="PASS">
          <reporter-output>
          </reporter-output>
        </test-method> <!-- testValidLogin -->
        <test-method is-config="true" signature="tearDown()[pri:0, instance:tests.LoginTest@543295b0]" started-at="2025-09-22T11:38:39 IST" name="tearDown" finished-at="2025-09-22T11:38:40 IST" duration-ms="513" status="PASS">
          <reporter-output>
          </reporter-output>
        </test-method> <!-- tearDown -->
      </class> <!-- tests.LoginTest -->
    </test> <!-- Default test -->
  </suite> <!-- Default suite -->
</testng-results>
